epoch accuracy error output[]
0 95.0108 0.251299  0.548468 
1 95.0116 0.252414  0.55814 
2 95.0123 0.253693  0.567204 
3 95.013 0.255077  0.575535 
4 95.0138 0.256499  0.583024 
5 95.0145 0.257889  0.589568 
6 95.0152 0.259178  0.595078 
7 95.0159 0.260298  0.599478 
8 95.0166 0.26119  0.602699 
9 95.0171 0.261804  0.604688 
10 95.0176 0.262102  0.605399 
11 95.018 0.262061  0.604798 
12 95.0182 0.261673  0.602863 
13 95.0183 0.26095  0.599581 
14 95.0181 0.259919  0.594955 
15 95.0178 0.25863  0.589004 
16 95.0171 0.25715  0.581763 
17 95.0162 0.255563  0.573294 
18 95.015 0.253969  0.563679 
19 95.0134 0.252478  0.553033 
20 95.0116 0.251201  0.541498 
21 95.0094 0.250244  0.529247 
22 95.0069 0.249695  0.51648 
23 95.0041 0.24962  0.503422 
24 95.0011 0.250047  0.490314 
25 94.998 0.250965  0.477405 
26 94.9947 0.252326  0.464943 
27 94.9914 0.254042  0.453168 
28 94.9882 0.255999  0.442302 
29 94.9852 0.258064  0.432544 
30 94.9824 0.260095  0.424067 
31 94.9798 0.261955  0.417018 
32 94.9777 0.263517  0.411516 
33 94.976 0.264676  0.407656 
34 94.9747 0.265352  0.405509 
35 94.9741 0.265492  0.405127 
36 94.974 0.265077  0.406541 
37 94.9746 0.264121  0.40976 
38 94.9758 0.262674  0.414773 
39 94.9778 0.260823  0.421539 
40 94.9805 0.258688  0.429986 
41 94.984 0.256421  0.440004 
42 94.9882 0.254196  0.451442 
43 94.9932 0.252196  0.464101 
44 94.9988 0.250594  0.477737 
45 95.0049 0.249537  0.492063 
46 95.0115 0.249125  0.50676 
47 95.0183 0.249397  0.521487 
48 95.0253 0.250324  0.535901 
49 95.0322 0.251816  0.549668 
50 95.0388 0.25373  0.56248 
51 95.0451 0.25589  0.574065 
52 95.0509 0.258105  0.584193 
53 95.0561 0.260189  0.592673 
54 95.0607 0.261972  0.599359 
55 95.0645 0.263314  0.604136 
56 95.0676 0.264109  0.606921 
57 95.0699 0.26429  0.607658 
58 95.0715 0.263828  0.606311 
59 95.0721 0.262739  0.60287 
60 95.0719 0.261081  0.597347 
61 95.0708 0.258957  0.589785 
62 95.0688 0.256512  0.580264 
63 95.0658 0.253931  0.56891 
64 95.0618 0.251426  0.555905 
65 95.057 0.249223  0.54149 
66 95.0514 0.247537  0.525968 
67 95.0452 0.246542  0.509699 
68 95.0386 0.246348  0.493089 
69 95.0319 0.24698  0.476566 
70 95.0252 0.248372  0.460564 
71 95.019 0.25037  0.445493 
72 95.0134 0.252761  0.431722 
73 95.0086 0.255295  0.419569 
74 95.0049 0.257714  0.409291 
75 95.0023 0.259784  0.401087 
76 95.001 0.261307  0.395103 
77 95.001 0.262136  0.39144 
78 95.0025 0.262181  0.390162 
79 95.0053 0.261414  0.391297 
80 95.0097 0.259873  0.394842 
81 95.0156 0.257658  0.400757 
82 95.023 0.254933  0.408959 
83 95.0319 0.25192  0.419312 
84 95.0421 0.248885  0.431616 
85 95.0535 0.246114  0.4456 
86 95.0658 0.243881  0.460919 
87 95.0787 0.242411  0.47716 
88 95.0917 0.241845  0.493857 
89 95.1045 0.242216  0.510518 
90 95.1167 0.243445  0.52665 
91 95.128 0.245357  0.541789 
92 95.1382 0.247708  0.555522 
93 95.1473 0.250223  0.567501 
94 95.155 0.252626  0.577446 
95 95.1616 0.254673  0.585142 
96 95.1671 0.256161  0.590435 
97 95.1715 0.256945  0.593214 
98 95.1749 0.256937  0.593411 
99 95.1773 0.256112  0.59099 
100 95.1787 0.254504  0.585952 
101 95.1791 0.252213  0.578335 
102 95.1784 0.249401  0.568225 
103 95.1764 0.246292  0.555769 
104 95.1733 0.243158  0.54119 
105 95.1688 0.240296  0.524792 
106 95.1632 0.238003  0.506971 
107 95.1565 0.236529  0.488201 
108 95.1491 0.236035  0.469018 
109 95.1413 0.236565  0.449988 
110 95.1335 0.238031  0.431669 
111 95.1262 0.240227  0.414576 
112 95.1199 0.24286  0.399154 
113 95.1148 0.245598  0.385763 
114 95.1114 0.248109  0.374673 
115 95.1098 0.250102  0.366076 
116 95.1102 0.251347  0.360097 
117 95.1128 0.251688  0.356807 
118 95.1176 0.251054  0.356236 
119 95.1247 0.249459  0.358376 
120 95.1341 0.247005  0.363186 
121 95.1457 0.243877  0.370577 
122 95.1593 0.240341  0.380405 
123 95.1748 0.236723  0.392455 
124 95.1917 0.233377  0.406425 
125 95.2095 0.230644  0.421922 
126 95.2277 0.228799  0.438466 
127 95.2457 0.228004  0.455508 
128 95.2629 0.228283  0.472459 
129 95.2789 0.229515  0.488726 
130 95.2935 0.231462  0.503754 
131 95.3067 0.233815  0.517047 
132 95.3184 0.236236  0.528193 
133 95.329 0.238406  0.536862 
134 95.3385 0.24005  0.542805 
135 95.3474 0.24096  0.545846 
136 95.3558 0.240997  0.545867 
137 95.3639 0.240098  0.542806 
138 95.3716 0.238278  0.536653 
139 95.3789 0.235628  0.527455 
140 95.3857 0.232317  0.515326 
141 95.3917 0.228586  0.500466 
142 95.3966 0.224739  0.483169 
143 95.4002 0.221117  0.463836 
144 95.4022 0.218065  0.442972 
145 95.4025 0.215879  0.421172 
146 95.4014 0.214759  0.399082 
147 95.399 0.214766  0.377356 
148 95.3961 0.215809  0.356608 
149 95.3932 0.217652  0.337368 
150 95.391 0.219958  0.320055 
151 95.3905 0.222342  0.304969 
152 95.3922 0.224422  0.292301 
153 95.3967 0.225864  0.282147 
154 95.4047 0.226413  0.274536 
155 95.4163 0.225907  0.269446 
156 95.432 0.22429  0.266825 
157 95.452 0.221611  0.266592 
158 95.4761 0.218026  0.268643 
159 95.5042 0.213792  0.272841 
160 95.536 0.209245  0.279007 
161 95.5708 0.204772  0.286902 
162 95.6077 0.200761  0.296219 
163 95.6457 0.197544  0.306577 
164 95.6839 0.195343  0.317526 
165 95.7213 0.194237  0.328561 
166 95.7572 0.194151  0.339153 
167 95.7914 0.194886  0.348775 
168 95.8236 0.196157  0.356934 
169 95.8542 0.197651  0.363197 
170 95.8835 0.199062  0.367203 
171 95.9121 0.200133  0.368677 
172 95.9405 0.200664  0.367431 
173 95.969 0.200527  0.363362 
174 95.9978 0.19966  0.356457 
175 96.0269 0.198067  0.346789 
176 96.0562 0.195805  0.334514 
177 96.0852 0.192984  0.319879 
178 96.1131 0.189753  0.303208 
179 96.1393 0.186294  0.284902 
180 96.1626 0.182806  0.265417 
181 96.1823 0.179499  0.245248 
182 96.1975 0.176571  0.224897 
183 96.2077 0.174201  0.204844 
184 96.2127 0.172527  0.185519 
185 96.2127 0.171632  0.167279 
186 96.2082 0.171534  0.150389 
187 96.2004 0.172175  0.135023 
188 96.1905 0.173429  0.121264 
189 96.1799 0.175107  0.109116 
190 96.1702 0.176982  0.0985261 
191 96.1629 0.178813  0.0893956 
192 96.1591 0.180369  0.0816008 
193 96.1601 0.181454  0.0750055 
194 96.1667 0.181926  0.0694714 
195 96.1793 0.181709  0.0648651 
196 96.1985 0.180797  0.0610616 
197 96.2243 0.179253  0.0579456 
198 96.2564 0.177206  0.0554118 
199 96.2945 0.174831  0.0533636 
200 96.3379 0.172338  0.0517117 
201 96.3856 0.16994  0.0503728 
202 96.4365 0.167832  0.0492687 
203 96.4895 0.16617  0.0483265 
204 96.5433 0.165051  0.0474782 
205 96.5966 0.164512  0.0466624 
206 96.6486 0.164531  0.0458249 
207 96.6983 0.165041  0.0449203 
208 96.7451 0.165946  0.0439127 
209 96.7886 0.167136  0.0427763 
210 96.8285 0.168502  0.0414955 
211 96.8646 0.169942  0.0400643 
212 96.8969 0.171371  0.0384853 
213 96.9255 0.17272  0.0367688 
214 96.9505 0.173934  0.0349309 
215 96.9718 0.174972  0.0329926 
216 96.9896 0.175807  0.0309778 
217 97.004 0.176418  0.0289123 
218 97.0149 0.176792  0.0268223 
219 97.0224 0.176924  0.0247338 
220 97.0264 0.17681  0.0226711 
221 97.0269 0.176454  0.0206568 
222 97.0237 0.175862  0.0187107 
223 97.0167 0.175047  0.0168499 
224 97.0058 0.174027  0.0150882 
225 96.9908 0.172829  0.0134367 
226 96.9716 0.171493  0.0119029 
227 96.9481 0.170069  0.0104918 
228 96.9201 0.168621  0.00920525 
229 96.8877 0.167232  0.00804292 
230 96.851 0.165996  0.00700211 
231 96.8103 0.165017  0.00607825 
232 96.7661 0.1644  0.00526521 
233 96.719 0.164242  0.00455564 
234 96.6701 0.164613  0.0039413 
235 96.6204 0.165541  0.00341343 
236 96.5712 0.167003  0.00296301 
237 96.524 0.168914  0.00258114 
238 96.4802 0.171133  0.00225921 
239 96.4411 0.173478  0.00198916 
240 96.4078 0.17574  0.0017636 
241 96.3815 0.177711  0.0015759 
242 96.3628 0.179207  0.00142022 
243 96.3524 0.180089  0.00129149 
244 96.3505 0.180272  0.00118536 
245 96.3571 0.179739  0.00109813 
246 96.3722 0.178539  0.00102666 
247 96.3953 0.176783  0.000968259 
248 96.4258 0.174635  0.000920633 
249 96.4629 0.172292  0.000881789 
250 96.5055 0.169966  0.000849977 
251 96.5523 0.167856  0.00082364 
252 96.6019 0.166128  0.000801381 
253 96.6531 0.164899  0.000781952 
254 96.7043 0.164223  0.00076424 
255 96.7545 0.164099  0.000747277 
256 96.8025 0.164476  0.000730243 
257 96.8476 0.165269  0.000712474 
258 96.8892 0.166375  0.000693463 
259 96.927 0.167688  0.000672862 
260 96.9607 0.169107  0.000650468 
261 96.9902 0.170542  0.000626213 
262 97.0157 0.171919  0.000600146 
263 97.0372 0.173179  0.000572413 
264 97.0548 0.174278  0.000543236 
265 97.0687 0.175182  0.000512895 
266 97.079 0.175868  0.000481705 
267 97.0857 0.17632  0.000450003 
268 97.089 0.17653  0.000418131 
269 97.0889 0.176492  0.000386425 
270 97.0854 0.176206  0.000355201 
271 97.0784 0.175678  0.000324751 
272 97.0679 0.174918  0.000295338 
273 97.0538 0.173942  0.000267187 
274 97.0359 0.172774  0.000240486 
275 97.0141 0.171451  0.000215386 
276 96.9883 0.170018  0.000191997 
277 96.9583 0.168539  0.000170393 
278 96.9243 0.167091  0.00015061 
279 96.8862 0.165766  0.000132653 
280 96.8442 0.164668  0.000116492 
281 96.7988 0.163907  0.000102074 
282 96.7506 0.163584  8.93197e-05 
283 96.7004 0.163781  7.81302e-05 
284 96.6494 0.16454  6.83924e-05 
285 96.5987 0.165854  5.99825e-05 
286 96.5497 0.167653  5.27716e-05 
287 96.504 0.169809  4.66294e-05 
288 96.4627 0.172146  4.14295e-05 
289 96.4272 0.174455  3.70518e-05 
290 96.3985 0.176523  3.33853e-05 
291 96.3774 0.178155  3.03299e-05 
292 96.3646 0.179195  2.77966e-05 
293 96.3604 0.179543  2.57076e-05 
294 96.365 0.179163  2.39954e-05 
295 96.3781 0.17809  2.26018e-05 
296 96.3994 0.176422  2.14763e-05 
297 96.4285 0.174316  2.05752e-05 
298 96.4643 0.171965  1.98596e-05 
299 96.5059 0.169585  1.92948e-05 
300 96.5521 0.167383  1.8849e-05 
301 96.6014 0.165538  1.84931e-05 
302 96.6525 0.164181  1.82e-05 
303 96.7039 0.16338  1.7945e-05 
304 96.7544 0.163144  1.77054e-05 
305 96.8029 0.163432  1.74614e-05 
306 96.8486 0.164162  1.71962e-05 
307 96.8908 0.165231  1.6896e-05 
308 96.9291 0.16653  1.65506e-05 
309 96.9634 0.167954  1.61531e-05 
310 96.9935 0.169408  1.56998e-05 
311 97.0194 0.170814  1.51901e-05 
312 97.0414 0.172111  1.46258e-05 
313 97.0594 0.173248  1.40112e-05 
314 97.0736 0.174191  1.33521e-05 
315 97.0842 0.174914  1.26558e-05 
316 97.0912 0.175401  1.19305e-05 
317 97.0947 0.17564  1.11848e-05 
318 97.0949 0.175627  1.04278e-05 
319 97.0915 0.175362  9.66823e-06 
320 97.0848 0.174848  8.91452e-06 
321 97.0744 0.174097  8.1746e-06 
322 97.0604 0.173125  7.45566e-06 
323 97.0427 0.171957  6.76405e-06 
324 97.021 0.170627  6.1052e-06 
325 96.9953 0.169186  5.48354e-06 
326 96.9655 0.167694  4.90253e-06 
327 96.9315 0.166232  4.3646e-06 
328 96.8934 0.164894  3.87121e-06 
329 96.8515 0.163786  3.42288e-06 
330 96.8061 0.163018  3.01927e-06 
331 96.7578 0.162696  2.65923e-06 
332 96.7076 0.1629  2.34093e-06 
333 96.6564 0.163676  2.06197e-06 
334 96.6056 0.165012  1.81953e-06 
335 96.5565 0.166839  1.61049e-06 
336 96.5106 0.169026  1.43156e-06 
337 96.4693 0.17139  1.27948e-06 
338 96.4338 0.173722  1.15104e-06 
339 96.4052 0.175803  1.04324e-06 
340 96.3842 0.177439  9.53336e-07 
341 96.3716 0.17847  8.7884e-07 
342 96.3677 0.1788  8.17563e-07 
343 96.3725 0.178395  7.67587e-07 
344 96.3859 0.177293  7.27239e-07 
345 96.4076 0.175596  6.9506e-07 
346 96.437 0.173466  6.69759e-07 
347 96.4732 0.1711  6.50183e-07 
348 96.5152 0.168717  6.35282e-07 
349 96.5616 0.166527  6.2408e-07 
350 96.611 0.164708  6.15661e-07 
351 96.6621 0.163389  6.0916e-07 
352 96.7134 0.162635  6.03767e-07 
353 96.7637 0.162451  5.98736e-07 
354 96.8119 0.162791  5.93396e-07 
355 96.8572 0.163571  5.87166e-07 
356 96.899 0.164684  5.79569e-07 
357 96.9369 0.16602  5.70237e-07 
358 96.9706 0.167472  5.58916e-07 
359 97.0002 0.168946  5.4546e-07 
360 97.0256 0.170366  5.29831e-07 
361 97.047 0.171667  5.12081e-07 
362 97.0645 0.172802  4.92342e-07 
363 97.0782 0.173737  4.70815e-07 
364 97.0883 0.174447  4.47748e-07 
365 97.0948 0.174915  4.23431e-07 
366 97.0978 0.175132  3.98175e-07 
367 97.0974 0.175094  3.72303e-07 
368 97.0936 0.1748  3.46138e-07 
369 97.0863 0.174256  3.19995e-07 
370 97.0754 0.173474  2.94172e-07 
371 97.0608 0.172472  2.68943e-07 
372 97.0424 0.171276  2.44554e-07 
373 97.0201 0.169925  2.21218e-07 
374 96.9937 0.16847  1.99114e-07 
375 96.9632 0.166977  1.78384e-07 
376 96.9284 0.165529  1.59133e-07 
377 96.8897 0.164224  1.4143e-07 
378 96.8471 0.163169  1.25308e-07 
379 96.801 0.162478  1.10766e-07 
380 96.7523 0.162252  9.77736e-08 
381 96.7017 0.162568  8.62731e-08 
382 96.6505 0.16346  7.61844e-08 
383 96.5998 0.164908  6.74101e-08 
384 96.5511 0.16683  5.98409e-08 
385 96.5059 0.169081  5.33613e-08 
386 96.4655 0.171472  4.78542e-08 
387 96.4311 0.173787  4.32057e-08 
388 96.4038 0.17581  3.93083e-08 
389 96.3844 0.17735  3.6063e-08 
390 96.3734 0.178259  3.33809e-08 
391 96.3711 0.17845  3.11831e-08 
392 96.3776 0.177906  2.94004e-08 
393 96.3927 0.176676  2.79724e-08 
394 96.416 0.174879  2.68458e-08 
395 96.4468 0.172683  2.59735e-08 
396 96.4843 0.170297  2.53128e-08 
397 96.5272 0.167937  2.48245e-08 
398 96.5743 0.165812  2.44716e-08 
399 96.6242 0.164092  2.42192e-08 
400 96.6754 0.162892  2.4034e-08 
401 96.7266 0.162266  2.38846e-08 
402 96.7764 0.162207  2.37418e-08 
403 96.824 0.162659  2.35796e-08 
404 96.8685 0.163529  2.33752e-08 
405 96.9094 0.164711  2.31101e-08 
406 96.9463 0.166091  2.27699e-08 
407 96.9791 0.167566  2.23449e-08 
408 97.0077 0.169045  2.18297e-08 
409 97.0321 0.170452  2.12231e-08 
410 97.0526 0.171728  2.05275e-08 
411 97.0692 0.172829  1.97487e-08 
412 97.082 0.173722  1.88949e-08 
413 97.0912 0.174384  1.79766e-08 
414 97.0969 0.174801  1.70057e-08 
415 97.0991 0.174963  1.59951e-08 
416 97.0978 0.174868  1.4958e-08 
417 97.0932 0.174518  1.39078e-08 
418 97.085 0.173919  1.28575e-08 
419 97.0732 0.173085  1.18194e-08 
420 97.0577 0.172035  1.08047e-08 
421 97.0383 0.170799  9.82366e-09 
422 97.015 0.169418  8.88504e-09 
423 96.9876 0.167948  7.9962e-09 
424 96.956 0.166459  7.16301e-09 
425 96.9203 0.165038  6.38977e-09 
426 96.8805 0.163786  5.6793e-09 
427 96.837 0.162815  5.03292e-09 
428 96.7902 0.162233  4.45056e-09 
429 96.7409 0.162141  3.93091e-09 
430 96.69 0.162604  3.47155e-09 
431 96.6387 0.163646  3.06915e-09 
432 96.5883 0.165229  2.71968e-09 
433 96.5403 0.167256  2.41866e-09 
434 96.4962 0.169568  2.16137e-09 
435 96.4571 0.171966  1.94304e-09 
436 96.4244 0.174233  1.75908e-09 
437 96.399 0.176155  1.60515e-09 
438 96.3817 0.17755  1.47729e-09 
439 96.3728 0.178285  1.37194e-09 
440 96.3728 0.178289  1.28595e-09 
441 96.3815 0.177564  1.21658e-09 
442 96.3988 0.176176  1.1614e-09 
443 96.424 0.174259  1.11828e-09 
444 96.4567 0.171995  1.08533e-09 
445 96.4956 0.169595  1.06081e-09 
446 96.5398 0.167278  1.04311e-09 
447 96.5877 0.165244  1.03071e-09 
448 96.6381 0.163652  1.02217e-09 
449 96.6894 0.1626  1.01609e-09 
450 96.7403 0.162127  1.01116e-09 
451 96.7896 0.16221  1.00619e-09 
452 96.8365 0.162783  1.00008e-09 
453 96.8801 0.163749  9.91913e-10 
454 96.9199 0.164996  9.80922e-10 
455 96.9557 0.166415  9.66541e-10 
456 96.9874 0.167902  9.4839e-10 
457 97.0149 0.169371  9.26277e-10 
458 97.0382 0.170752  9.00181e-10 
459 97.0576 0.171989  8.7024e-10 
460 97.0732 0.17304  8.36722e-10 
461 97.085 0.173876  8.00008e-10 
462 97.0933 0.174476  7.6056e-10 
463 97.098 0.174828  7.18903e-10 
464 97.0993 0.174924  6.75599e-10 
465 97.0972 0.174762  6.31225e-10 
466 97.0915 0.174346  5.86357e-10 
467 97.0824 0.173684  5.41552e-10 
468 97.0696 0.172791  4.97336e-10 
469 97.0531 0.171689  4.5419e-10 
470 97.0327 0.170411  4.12545e-10 
471 97.0083 0.169001  3.72771e-10 
472 96.9798 0.16752  3.35177e-10 
473 96.947 0.166041  3.00003e-10 
474 96.9102 0.164655  2.67427e-10 
475 96.8693 0.163469  2.37556e-10 
476 96.8249 0.162592  2.10438e-10 
477 96.7773 0.162135  1.86059e-10 
478 96.7275 0.162188  1.64353e-10 
479 96.6763 0.162808  1.45208e-10 
480 96.6251 0.164004  1.28473e-10 
481 96.5753 0.165721  1.1397e-10 
482 96.5281 0.167843  1.01503e-10 
483 96.4852 0.170201  9.08686e-11 
484 96.4478 0.172588  8.18627e-11 
485 96.4169 0.174783  7.429e-11 
486 96.3936 0.176581  6.79678e-11 
487 96.3785 0.17781  6.27297e-11 
488 96.372 0.178353  5.84274e-11 
489 96.3743 0.178158  5.49298e-11 
490 96.3854 0.177245  5.2122e-11 
491 96.4049 0.1757  4.99035e-11 
492 96.4322 0.17367  4.81852e-11 
493 96.4666 0.171347  4.68871e-11 
494 96.5071 0.168949  4.5936e-11 
495 96.5524 0.166691  4.52633e-11 
496 96.6012 0.164763  4.48039e-11 
497 96.6519 0.16331  4.44953e-11 
498 96.7032 0.162414  4.42782e-11 
499 96.7538 0.162096  4.40963e-11 
500 96.8026 0.16232  4.3898e-11 
501 96.8486 0.163011  4.36376e-11 
502 96.8912 0.164064  4.3276e-11 
503 96.93 0.165369  4.2782e-11 
504 96.9647 0.166815  4.21326e-11 
505 96.9952 0.168306  4.13133e-11 
506 97.0216 0.169759  4.03172e-11 
507 97.0439 0.171106  3.91455e-11 
508 97.0622 0.172296  3.78054e-11 
509 97.0767 0.173292  3.63103e-11 
510 97.0876 0.174066  3.46776e-11 
511 97.0949 0.174601  3.29288e-11 
512 97.0987 0.174884  3.10872e-11 
513 97.0991 0.174911  2.9178e-11 
514 97.096 0.17468  2.72268e-11 
515 97.0894 0.174197  2.52588e-11 
516 97.0793 0.173471  2.32984e-11 
517 97.0655 0.17252  2.13683e-11 
518 97.0479 0.171367  1.94895e-11 
519 97.0265 0.170049  1.76803e-11 
520 97.0009 0.168614  1.59565e-11 
521 96.9713 0.167125  1.4331e-11 
522 96.9374 0.165663  1.28139e-11 
523 96.8995 0.164321  1.14122e-11 
524 96.8576 0.163207  1.01301e-11 
525 96.8122 0.162434  8.96898e-12 
526 96.764 0.162108  7.92779e-12 
527 96.7136 0.162311  7.00303e-12 
528 96.6624 0.163088  6.18932e-12 
529 96.6114 0.164433  5.47971e-12 
530 96.5621 0.166274  4.86614e-12 
531 96.516 0.168479  4.33984e-12 
532 96.4744 0.170866  3.89183e-12 
533 96.4386 0.173223  3.5132e-12 
534 96.4097 0.17533  3.1955e-12 
535 96.3886 0.17699  2.93085e-12 
536 96.3757 0.178043  2.71216e-12 
537 96.3716 0.178389  2.53309e-12 
538 96.3763 0.177996  2.38807e-12 
539 96.3897 0.176902  2.27223e-12 
540 96.4113 0.175209  2.18129e-12 
541 96.4407 0.17308  2.11144e-12 
542 96.4768 0.170716  2.05925e-12 
543 96.5187 0.168334  2.02156e-12 
544 96.5651 0.166148  1.99539e-12 
545 96.6145 0.164337  1.97789e-12 
546 96.6656 0.163028  1.96634e-12 
547 96.7168 0.162288  1.95814e-12 
548 96.7671 0.162121  1.95084e-12 
549 96.8152 0.16248  1.94223e-12 
550 96.8603 0.163278  1.93034e-12 
551 96.9019 0.16441  1.91353e-12 
552 96.9396 0.165763  1.8905e-12 
553 96.9732 0.16723  1.86032e-12 
554 97.0026 0.168718  1.82243e-12 
555 97.0279 0.170148  1.77663e-12 
556 97.0491 0.171457  1.72302e-12 
557 97.0664 0.172598  1.66203e-12 
558 97.0799 0.173536  1.59427e-12 
559 97.0898 0.174248  1.52059e-12 
560 97.0962 0.174716  1.44196e-12 
561 97.0991 0.17493  1.35944e-12 
562 97.0985 0.174888  1.27418e-12 
563 97.0945 0.174589  1.1873e-12 
564 97.0869 0.17404  1.09992e-12 
565 97.0759 0.173252  1.01313e-12 
566 97.0611 0.172244  9.27904e-13 
567 97.0425 0.171043  8.45161e-13 
568 97.0199 0.169689  7.6569e-13 
569 96.9933 0.168233  6.90163e-13 
570 96.9625 0.166743  6.19127e-13 
571 96.9276 0.165303  5.52997e-13 
572 96.8885 0.164012  4.92054e-13 
573 96.8457 0.162979  4.36455e-13 
574 96.7995 0.162316  3.86233e-13 
575 96.7505 0.162124  3.4131e-13 
576 96.6999 0.162478  3.01511e-13 
577 96.6485 0.16341  2.66576e-13 
578 96.5978 0.164897  2.36181e-13 
579 96.5493 0.16685  2.09958e-13 
580 96.5042 0.169123  1.87513e-13 
581 96.4641 0.171524  1.68445e-13 
582 96.43 0.173835  1.52364e-13 
583 96.4031 0.175841  1.38897e-13 
584 96.3841 0.177352  1.27704e-13 
585 96.3736 0.178224  1.18479e-13 
586 96.3718 0.178374  1.10949e-13 
587 96.3789 0.177787  1.04874e-13 
588 96.3945 0.176521  1.00045e-13 
589 96.4182 0.174694  9.62786e-14 
590 96.4495 0.172482  9.34098e-14 
591 96.4873 0.170091  9.12895e-14 
592 96.5306 0.167742  8.97793e-14 
593 96.5779 0.16564  8.87484e-14 
594 96.6279 0.163952  8.80715e-14 
595 96.6791 0.16279  8.76283e-14 
596 96.7302 0.162204  8.73046e-14 
597 96.78 0.162184  8.69936e-14 
598 96.8274 0.162668  8.65987e-14 
599 96.8716 0.163566  8.60356e-14 
600 96.9122 0.164767  8.52347e-14 
601 96.9489 0.16616  8.41421e-14 
602 96.9813 0.167641  8.27206e-14 
603 97.0096 0.16912  8.09492e-14 
604 97.0338 0.170522  7.88226e-14 
605 97.054 0.171791  7.63492e-14 
606 97.0703 0.172881  7.35501e-14 
607 97.0828 0.173761  7.04562e-14 
608 97.0918 0.174409  6.71065e-14 
609 97.0972 0.17481  6.35462e-14 
610 97.0992 0.174957  5.9824e-14 
611 97.0977 0.174846  5.59906e-14 
612 97.0927 0.17448  5.20971e-14 
613 97.0843 0.173867  4.81934e-14 
614 97.0722 0.173018  4.43266e-14 
615 97.0565 0.171956  4.05405e-14 
616 97.0368 0.170711  3.68745e-14 
617 97.0132 0.169324  3.33627e-14 
618 96.9855 0.167853  3.00341e-14 
619 96.9536 0.166367  2.69115e-14 
620 96.9176 0.164957  2.4012e-14 
621 96.8775 0.163723  2.1347e-14 
622 96.8337 0.162777  1.89219e-14 
623 96.7867 0.162229  1.6737e-14 
624 96.7372 0.162176  1.47876e-14 
625 96.6862 0.162682  1.30648e-14 
626 96.6349 0.163765  1.15561e-14 
627 96.5846 0.165386  1.02465e-14 
628 96.5369 0.16744  9.11906e-15 
629 96.493 0.169766  8.15607e-15 
630 96.4543 0.172165  7.3396e-15 
631 96.4221 0.174416  6.65234e-15 
632 96.3972 0.176308  6.07801e-15 
633 96.3804 0.177662  5.60174e-15 
634 96.3722 0.178349  5.21019e-15 
635 96.3727 0.178303  4.89157e-15 
636 96.382 0.177529  4.63556e-15 
637 96.3998 0.176101  4.4331e-15 
638 96.4257 0.174154  4.27619e-15 
639 96.4587 0.171874  4.15769e-15 
640 96.4981 0.169473  4.07106e-15 
641 96.5425 0.16717  4.01021e-15 
642 96.5907 0.165163  3.96934e-15 
643 96.6412 0.163605  3.94289e-15 
644 96.6925 0.162592  3.92555e-15 
645 96.7434 0.162158  3.91226e-15 
646 96.7926 0.162277  3.89834e-15 
647 96.8392 0.16288  3.87958e-15 
648 96.8826 0.163868  3.85237e-15 
649 96.9222 0.16513  3.81375e-15 
650 96.9577 0.166555  3.76149e-15 
651 96.9891 0.168043  3.69411e-15 
652 97.0163 0.169508  3.61086e-15 
653 97.0394 0.17088  3.51164e-15 
654 97.0586 0.172105  3.39701e-15 
655 97.0739 0.173143  3.26801e-15 
656 97.0855 0.173963  3.12617e-15 
657 97.0935 0.174548  2.97329e-15 
658 97.098 0.174883  2.81146e-15 
659 97.0991 0.174962  2.64291e-15 
660 97.0967 0.174784  2.46993e-15 
661 97.0908 0.174352  2.2948e-15 
662 97.0814 0.173676  2.11975e-15 
663 97.0684 0.172769  1.94686e-15 
664 97.0516 0.171656  1.77805e-15 
665 97.031 0.170369  1.61504e-15 
666 97.0063 0.168954  1.45931e-15 
667 96.9775 0.167471  1.31209e-15 
668 96.9445 0.165997  1.17434e-15 
669 96.9074 0.164622  1.04677e-15 
670 96.8663 0.163453  9.29822e-16 
671 96.8216 0.162601  8.23674e-16 
672 96.7739 0.162174  7.28282e-16 
673 96.7239 0.162262  6.43384e-16 
674 96.6727 0.162919  5.68536e-16 
675 96.6215 0.16415  5.03146e-16 
676 96.5718 0.165896  4.4651e-16 
677 96.5249 0.168039  3.97857e-16 
678 96.4822 0.170405  3.56382e-16 
679 96.4451 0.172786  3.21286e-16 
680 96.4147 0.174962  2.91802e-16 
681 96.3919 0.17673  2.67212e-16 
682 96.3773 0.177919  2.46866e-16 
683 96.3714 0.178418  2.30184e-16 
684 96.3742 0.178179  2.16653e-16 
685 96.3858 0.177225  2.05825e-16 
686 96.4057 0.175646  1.97306e-16 
687 96.4335 0.173592  1.90749e-16 
688 96.4684 0.171259  1.85839e-16 
689 96.5092 0.168863  1.8229e-16 
690 96.5547 0.16662  1.79831e-16 
691 96.6036 0.164717  1.78205e-16 
692 96.6545 0.163294  1.77165e-16 
693 96.7058 0.162432  1.76473e-16 
694 96.7563 0.162146  1.75906e-16 
695 96.805 0.1624  1.75259e-16 
696 96.8508 0.163113  1.74348e-16 
697 96.8932 0.164183  1.73019e-16 
698 96.9318 0.165497  1.71145e-16 
699 96.9663 0.166948  1.68636e-16 
700 96.9965 0.168437  1.65433e-16 
701 97.0227 0.169884  1.6151e-16 
702 97.0447 0.171222  1.5687e-16 
703 97.0629 0.172402  1.51545e-16 
704 97.0772 0.173385  1.45587e-16 
705 97.0879 0.174145  1.39069e-16 
706 97.095 0.174666  1.32076e-16 
707 97.0986 0.174934  1.24705e-16 
708 97.0987 0.174947  1.17055e-16 
709 97.0955 0.174702  1.09232e-16 
710 97.0887 0.174206  1.01338e-16 
711 97.0784 0.173467  9.34704e-17 
712 97.0644 0.172504  8.57231e-17 
713 97.0466 0.171343  7.818e-17 
714 97.0249 0.170018  7.09159e-17 
715 96.9992 0.168579  6.39948e-17 
716 96.9693 0.16709  5.74691e-17 
717 96.9352 0.165632  5.13793e-17 
718 96.897 0.164301  4.57542e-17 
719 96.855 0.163203  4.06106e-17 
720 96.8094 0.162452  3.59542e-17 
721 96.761 0.162151  3.17801e-17 
722 96.7106 0.162384  2.80744e-17 
723 96.6593 0.163192  2.48152e-17 
724 96.6083 0.164564  2.19743e-17 
725 96.5592 0.166427  1.95192e-17 
726 96.5133 0.168646  1.74144e-17 
727 96.4719 0.171037  1.56237e-17 
728 96.4365 0.173386  1.41113e-17 
729 96.408 0.175475  1.28432e-17 
730 96.3872 0.177106  1.17877e-17 
731 96.3749 0.178125  1.09164e-17 
732 96.3712 0.178434  1.02039e-17 
733 96.3763 0.178004  9.62797e-18 
734 96.3901 0.176876  9.16902e-18 
735 96.4122 0.175158  8.80993e-18 
736 96.4419 0.173012  8.53546e-18 
737 96.4784 0.170641  8.33182e-18 
738 96.5205 0.168265  8.18628e-18 
739 96.5671 0.166093  8.08684e-18 
740 96.6166 0.164303  8.02202e-18 
741 96.6677 0.163021  7.98078e-18 
742 96.719 0.162308  7.95258e-18 
743 96.7691 0.162168  7.92753e-18 
744 96.8171 0.16255  7.89659e-18 
745 96.8621 0.163366  7.85181e-18 
746 96.9036 0.16451  7.78649e-18 
747 96.9411 0.165869  7.69539e-18 
748 96.9745 0.167339  7.57474e-18 
749 97.0037 0.168824  7.4223e-18 
750 97.0287 0.170248  7.23723e-18 
751 97.0498 0.17155  7.02005e-18 
752 97.0669 0.172681  6.77241e-18 
753 97.0803 0.173609  6.49695e-18 
754 97.09 0.174308  6.1971e-18 
755 97.0962 0.174764  5.87687e-18 
756 97.0989 0.174966  5.54064e-18 
757 97.0982 0.174912  5.19306e-18 
758 97.094 0.174602  4.83879e-18 
759 97.0863 0.174041  4.48244e-18 
760 97.0751 0.173243  4.12841e-18 
761 97.0601 0.172226  3.78079e-18 
762 97.0414 0.171018  3.44328e-18 
763 97.0186 0.169658  3.11915e-18 
764 96.9918 0.1682  2.81114e-18 
765 96.9608 0.166711  2.52149e-18 
766 96.9257 0.165276  2.25191e-18 
767 96.8865 0.163994  2.00354e-18 
768 96.8435 0.162976  1.77701e-18 
769 96.7971 0.162331  1.57246e-18 
770 96.7481 0.162162  1.38956e-18 
771 96.6973 0.162541  1.22758e-18 
772 96.646 0.163499  1.08546e-18 
773 96.5954 0.165008  9.61856e-19 
774 96.5469 0.166978  8.55263e-19 
775 96.502 0.169261  7.64066e-19 
776 96.4621 0.171662  6.86627e-19 
777 96.4284 0.173964  6.21347e-19 
778 96.4018 0.175952  5.66713e-19 
779 96.3832 0.177438  5.21337e-19 
780 96.373 0.17828  4.83966e-19 
781 96.3716 0.178398  4.53494e-19 
782 96.379 0.177781  4.28947e-19 
783 96.395 0.176487  4.09474e-19 
784 96.4191 0.174641  3.94325e-19 
785 96.4507 0.172416  3.82831e-19 
786 96.4887 0.170023  3.74383e-19 
787 96.5322 0.16768  3.68417e-19 
788 96.5796 0.165592  3.64398e-19 
789 96.6297 0.163923  3.61811e-19 
790 96.681 0.162785  3.60163e-19 
791 96.7321 0.162222  3.58986e-19 
792 96.7817 0.162223  3.57842e-19 
793 96.829 0.162726  3.56333e-19 
794 96.8732 0.163638  3.54114e-19 
795 96.9136 0.164848  3.50899e-19 
796 96.9501 0.166246  3.46467e-19 
797 96.9824 0.167727  3.40666e-19 
798 97.0105 0.169204  3.33412e-19 
799 97.0345 0.170601  3.24682e-19 
800 97.0546 0.171862  3.14514e-19 
801 97.0707 0.172944  3.02995e-19 
802 97.0831 0.173815  2.90254e-19 
803 97.0919 0.174452  2.76453e-19 
804 97.0972 0.174843  2.6178e-19 
805 97.099 0.17498  2.46436e-19 
806 97.0974 0.174859  2.30631e-19 
807 97.0923 0.174483  2.14578e-19 
808 97.0838 0.17386  1.98482e-19 
809 97.0716 0.173003  1.82539e-19 
810 97.0556 0.171934  1.6693e-19 
811 97.0359 0.170682  1.51817e-19 
812 97.0121 0.169292  1.37342e-19 
813 96.9842 0.167818  1.23625e-19 
814 96.9521 0.166334  1.10759e-19 
815 96.9159 0.164929  9.88159e-20 
816 96.8757 0.163705  8.7841e-20 
817 96.8318 0.162772  7.78571e-20 
818 96.7846 0.162242  6.88646e-20 
819 96.7351 0.162208  6.0844e-20 
820 96.6841 0.162736  5.3758e-20 
821 96.6328 0.163841  4.75549e-20 
822 96.5826 0.16548  4.21722e-20 
823 96.5349 0.167547  3.754e-20 
824 96.4912 0.16988  3.35847e-20 
825 96.4528 0.172277  3.02326e-20 
826 96.4208 0.174518  2.7412e-20 
827 96.3962 0.176393  2.5056e-20 
828 96.3797 0.177723  2.31033e-20 
829 96.3718 0.178384  2.1499e-20 
830 96.3727 0.178311  2.01947e-20 
831 96.3823 0.177511  1.9148e-20 
832 96.4004 0.176061  1.83215e-20 
833 96.4265 0.174098  1.76824e-20 
834 96.4599 0.171809  1.72012e-20 
835 96.4994 0.169408  1.68511e-20 
836 96.544 0.167112  1.66068e-20 
837 96.5923 0.165119  1.64445e-20 
838 96.6429 0.163579  1.63412e-20 
839 96.6942 0.162587  1.62747e-20 
840 96.745 0.162173  1.62243e-20 
841 96.7942 0.162311  1.61705e-20 
842 96.8407 0.162929  1.6096e-20 
843 96.8839 0.163928  1.59856e-20 
844 96.9234 0.165197  1.58274e-20 
845 96.9588 0.166625  1.5612e-20 
846 96.99 0.168114  1.53333e-20 
847 97.0171 0.169576  1.49883e-20 
848 97.0401 0.170943  1.45768e-20 
849 97.0591 0.172162  1.41009e-20 
850 97.0742 0.173191  1.35652e-20 
851 97.0857 0.174004  1.2976e-20 
852 97.0936 0.174579  1.23408e-20 
853 97.098 0.174905  1.16684e-20 
854 97.0989 0.174975  1.09681e-20 
855 97.0964 0.174788  1.02493e-20 
856 97.0905 0.174348  9.5217e-21 
857 97.081 0.173663  8.79445e-21 
858 97.0678 0.172749  8.07627e-21 
859 97.0509 0.171629  7.37515e-21 
860 97.0301 0.170337  6.69822e-21 
861 97.0053 0.168919  6.05164e-21 
862 96.9763 0.167436  5.4405e-21 
863 96.9432 0.165963  4.86883e-21 
864 96.9059 0.164594  4.33952e-21 
865 96.8647 0.163434  3.85439e-21 
866 96.8199 0.162595  3.4142e-21 
867 96.7721 0.162184  3.01872e-21 
868 96.722 0.162291  2.66686e-21 
869 96.6708 0.162968  2.35674e-21 
870 96.6197 0.164217  2.08588e-21 
871 96.57 0.165979  1.85136e-21 
872 96.5232 0.168132  1.64996e-21 
873 96.4807 0.170501  1.47832e-21 
874 96.4439 0.172879  1.33313e-21 
875 96.4137 0.175045  1.21119e-21 
876 96.3911 0.176795  1.10953e-21 
877 96.3768 0.177963  1.02546e-21 
878 96.3712 0.178438  9.56564e-22 
879 96.3743 0.178174  9.00725e-22 
880 96.3861 0.177197  8.56085e-22 
881 96.4064 0.1756  8.21013e-22 
882 96.4344 0.173534  7.94067e-22 
883 96.4695 0.171195  7.73947e-22 
884 96.5105 0.168801  7.59458e-22 
885 96.5562 0.166565  7.49477e-22 
886 96.6052 0.164676  7.42933e-22 
887 96.656 0.163271  7.38797e-22 
888 96.7073 0.162427  7.36083e-22 
889 96.7578 0.162159  7.3386e-22 
890 96.8064 0.162429  7.31273e-22 
891 96.8522 0.163155  7.27559e-22 
892 96.8945 0.164235  7.22071e-22 
893 96.9329 0.165555  7.14291e-22 
894 96.9672 0.167008  7.03839e-22 
895 96.9974 0.168497  6.90474e-22 
896 97.0234 0.16994  6.74089e-22 
897 97.0453 0.171274  6.54705e-22 
898 97.0633 0.172447  6.32452e-22 
899 97.0775 0.173423  6.07554e-22 
900 97.0881 0.174176  5.80313e-22 
901 97.0951 0.174688  5.5109e-22 
902 97.0986 0.174949  5.20285e-22 
903 97.0986 0.174953  4.88324e-22 
904 97.0952 0.1747  4.5564e-22 
905 97.0884 0.174196  4.22663e-22 
906 97.0779 0.17345  3.89806e-22 
907 97.0638 0.17248  3.57454e-22 
908 97.0459 0.171313  3.25962e-22 
909 97.0241 0.169984  2.9564e-22 
910 96.9982 0.168542  2.66755e-22 
911 96.9682 0.167054  2.39527e-22 
912 96.934 0.165598  2.14124e-22 
913 96.8957 0.164273  1.90665e-22 
914 96.8535 0.163184  1.69219e-22 
915 96.8079 0.162446  1.4981e-22 
916 96.7594 0.162161  1.32416e-22 
917 96.7089 0.162411  1.16978e-22 
918 96.6576 0.163237  1.03404e-22 
919 96.6067 0.164626  9.1575e-23 
920 96.5576 0.166502  8.13552e-23 
921 96.5118 0.168729  7.25962e-23 
922 96.4706 0.171122  6.51462e-23 
923 96.4354 0.173466  5.88557e-23 
924 96.4071 0.175543  5.35827e-23 
925 96.3866 0.177158  4.91955e-23 
926 96.3745 0.178156  4.55753e-23 
927 96.3711 0.178442  4.26164e-23 
928 96.3765 0.17799  4.02261e-23 
929 96.3906 0.176842  3.83231e-23 
930 96.4129 0.175107  3.68359e-23 
931 96.4428 0.172951  3.5701e-23 
932 96.4795 0.170577  3.48609e-23 
933 96.5218 0.168204  3.42625e-23 
934 96.5685 0.166041  3.38556e-23 
935 96.6181 0.164265  3.35922e-23 
936 96.6692 0.162999  3.34262e-23 
937 96.7204 0.162305  3.33135e-23 
938 96.7705 0.162181  3.32127e-23 
939 96.8185 0.162577  3.30861e-23 
940 96.8634 0.163404  3.29003e-23 
941 96.9047 0.164556  3.26276e-23 
942 96.9421 0.16592  3.2246e-23 
943 96.9754 0.167391  3.17399e-23 
944 97.0044 0.168876  3.11e-23 
945 97.0294 0.170297  3.0323e-23 
946 97.0503 0.171593  2.94111e-23 
947 97.0673 0.172719  2.83715e-23 
948 97.0806 0.17364  2.72152e-23 
949 97.0902 0.174332  2.59567e-23 
950 97.0963 0.17478  2.46129e-23 
951 97.0989 0.174975  2.32023e-23 
952 97.0981 0.174913  2.17443e-23 
953 97.0938 0.174595  2.02585e-23 
954 97.086 0.174027  1.87644e-23 
955 97.0746 0.173222  1.72802e-23 
956 97.0596 0.172199  1.58232e-23 
957 97.0407 0.170986  1.44089e-23 
958 97.0178 0.169622  1.30509e-23 
959 96.9909 0.168162  1.17608e-23 
960 96.9598 0.166674  1.05479e-23 
961 96.9245 0.165242  9.41923e-24 
962 96.8852 0.163967  8.37966e-24 
963 96.8421 0.162957  7.43177e-24 
964 96.7956 0.162326  6.57607e-24 
965 96.7465 0.162172  5.81113e-24 
966 96.6958 0.162568  5.13387e-24 
967 96.6444 0.163543  4.53977e-24 
968 96.5938 0.165067  4.02322e-24 
969 96.5455 0.167048  3.57788e-24 
970 96.5007 0.169337  3.19695e-24 
971 96.461 0.171738  2.87356e-24 
972 96.4274 0.174034  2.60102e-24 
973 96.4011 0.17601  2.37298e-24 
974 96.3827 0.177479  2.18365e-24 
975 96.3728 0.1783  2.02777e-24 
976 96.3717 0.178397  1.90073e-24 
977 96.3793 0.177759  1.79845e-24 
978 96.3955 0.176447  1.71737e-24 
979 96.4199 0.174587  1.65437e-24 
980 96.4516 0.172354  1.60664e-24 
981 96.4899 0.169959  1.57163e-24 
982 96.5334 0.167621  1.54697e-24 
983 96.581 0.165543  1.53043e-24 
984 96.6311 0.163889  1.51985e-24 
985 96.6824 0.162766  1.51315e-24 
986 96.7335 0.16222  1.50837e-24 
987 96.7831 0.162237  1.50368e-24 
988 96.8303 0.162753  1.49741e-24 
989 96.8743 0.163674  1.4881e-24 
990 96.9147 0.164891  1.47458e-24 
991 96.951 0.166293  1.45591e-24 
992 96.9832 0.167775  1.43146e-24 
993 97.0112 0.16925  1.40089e-24 
994 97.0351 0.170644  1.3641e-24 
995 97.055 0.171901  1.32126e-24 
996 97.0711 0.172976  1.27275e-24 
997 97.0834 0.17384  1.2191e-24 
998 97.0921 0.174471  1.16101e-24 
999 97.0973 0.174855  1.09926e-24 
